<?xml version="1.0" encoding="UTF-8"?>
<testsuites tests="136" failures="0" disabled="0" errors="0" time="0.013" timestamp="2026-04-08T01:04:36" name="AllTests">
  <testsuite name="UsersTest" tests="41" failures="0" disabled="0" errors="0" time="0.011" timestamp="2026-04-08T01:04:36">
    <testcase name="REQ_GUI_001_ValidCredentialsReturnOne" status="run" result="completed" time="0" timestamp="2026-04-08T01:04:36" classname="UsersTest" />
    <testcase name="REQ_GUI_001_WrongPasswordReturnsZero" status="run" result="completed" time="0" timestamp="2026-04-08T01:04:36" classname="UsersTest" />
    <testcase name="REQ_GUI_001_WrongUsernameReturnsZero" status="run" result="completed" time="0" timestamp="2026-04-08T01:04:36" classname="UsersTest" />
    <testcase name="REQ_GUI_001_BothWrongReturnsZero" status="run" result="completed" time="0" timestamp="2026-04-08T01:04:36" classname="UsersTest" />
    <testcase name="REQ_GUI_001_EmptyUsernameReturnsZero" status="run" result="completed" time="0" timestamp="2026-04-08T01:04:36" classname="UsersTest" />
    <testcase name="REQ_GUI_001_EmptyPasswordReturnsZero" status="run" result="completed" time="0" timestamp="2026-04-08T01:04:36" classname="UsersTest" />
    <testcase name="REQ_GUI_001_BothEmptyReturnsZero" status="run" result="completed" time="0" timestamp="2026-04-08T01:04:36" classname="UsersTest" />
    <testcase name="REQ_GUI_001_NullUsernameReturnsZero" status="run" result="completed" time="0" timestamp="2026-04-08T01:04:36" classname="UsersTest" />
    <testcase name="REQ_GUI_001_NullPasswordReturnsZero" status="run" result="completed" time="0" timestamp="2026-04-08T01:04:36" classname="UsersTest" />
    <testcase name="REQ_GUI_001_BothNullReturnsZero" status="run" result="completed" time="0" timestamp="2026-04-08T01:04:36" classname="UsersTest" />
    <testcase name="REQ_GUI_002_KnownUsernameReturnsDisplayName" status="run" result="completed" time="0" timestamp="2026-04-08T01:04:36" classname="UsersTest" />
    <testcase name="REQ_GUI_002_UnknownUsernameReturnsEmpty" status="run" result="completed" time="0" timestamp="2026-04-08T01:04:36" classname="UsersTest" />
    <testcase name="REQ_GUI_002_NullUsernameHandledSafely" status="run" result="completed" time="0" timestamp="2026-04-08T01:04:36" classname="UsersTest" />
    <testcase name="REQ_GUI_002_NullOutputHandledSafely" status="run" result="completed" time="0" timestamp="2026-04-08T01:04:36" classname="UsersTest" />
    <testcase name="REQ_GUI_002_ZeroLengthBufferHandledSafely" status="run" result="completed" time="0" timestamp="2026-04-08T01:04:36" classname="UsersTest" />
    <testcase name="REQ_SEC_001_AdminAuthSucceeds" status="run" result="completed" time="0" timestamp="2026-04-08T01:04:36" classname="UsersTest" />
    <testcase name="REQ_SEC_001_ClinicalAuthSucceeds" status="run" result="completed" time="0" timestamp="2026-04-08T01:04:36" classname="UsersTest" />
    <testcase name="REQ_SEC_001_WrongPasswordFails" status="run" result="completed" time="0" timestamp="2026-04-08T01:04:36" classname="UsersTest" />
    <testcase name="REQ_SEC_001_UnknownUserFails" status="run" result="completed" time="0" timestamp="2026-04-08T01:04:36" classname="UsersTest" />
    <testcase name="REQ_SEC_001_NullUsernameSafe" status="run" result="completed" time="0" timestamp="2026-04-08T01:04:36" classname="UsersTest" />
    <testcase name="REQ_SEC_001_NullPasswordSafe" status="run" result="completed" time="0" timestamp="2026-04-08T01:04:36" classname="UsersTest" />
    <testcase name="REQ_SEC_002_RoleOutNullDoesNotCrash" status="run" result="completed" time="0" timestamp="2026-04-08T01:04:36" classname="UsersTest" />
    <testcase name="REQ_SEC_003_ChangePasswordSuccess" status="run" result="completed" time="0.005" timestamp="2026-04-08T01:04:36" classname="UsersTest" />
    <testcase name="REQ_SEC_003_ChangePasswordWrongOldFails" status="run" result="completed" time="0" timestamp="2026-04-08T01:04:36" classname="UsersTest" />
    <testcase name="REQ_SEC_003_ChangePasswordTooShortFails" status="run" result="completed" time="0" timestamp="2026-04-08T01:04:36" classname="UsersTest" />
    <testcase name="REQ_SEC_003_ChangePasswordNullSafe" status="run" result="completed" time="0" timestamp="2026-04-08T01:04:36" classname="UsersTest" />
    <testcase name="REQ_SEC_003_AdminSetPasswordSuccess" status="run" result="completed" time="0.001" timestamp="2026-04-08T01:04:36" classname="UsersTest" />
    <testcase name="REQ_SEC_003_AdminSetPasswordTooShortFails" status="run" result="completed" time="0" timestamp="2026-04-08T01:04:36" classname="UsersTest" />
    <testcase name="REQ_SEC_003_AdminSetPasswordUnknownUserFails" status="run" result="completed" time="0" timestamp="2026-04-08T01:04:36" classname="UsersTest" />
    <testcase name="REQ_SEC_003_AdminSetPasswordNullSafe" status="run" result="completed" time="0.001" timestamp="2026-04-08T01:04:36" classname="UsersTest" />
    <testcase name="REQ_GUI_007_DefaultCountIsTwo" status="run" result="completed" time="0" timestamp="2026-04-08T01:04:36" classname="UsersTest" />
    <testcase name="REQ_GUI_007_AddUserSucceeds" status="run" result="completed" time="0" timestamp="2026-04-08T01:04:36" classname="UsersTest" />
    <testcase name="REQ_GUI_007_AddDuplicateUserFails" status="run" result="completed" time="0" timestamp="2026-04-08T01:04:36" classname="UsersTest" />
    <testcase name="REQ_GUI_007_AddUserPasswordTooShortFails" status="run" result="completed" time="0" timestamp="2026-04-08T01:04:36" classname="UsersTest" />
    <testcase name="REQ_GUI_007_RemoveClinicianSucceeds" status="run" result="completed" time="0.001" timestamp="2026-04-08T01:04:36" classname="UsersTest" />
    <testcase name="REQ_GUI_007_RemoveLastAdminFails" status="run" result="completed" time="0" timestamp="2026-04-08T01:04:36" classname="UsersTest" />
    <testcase name="REQ_GUI_007_GetByIndexReturnsCorrectAccount" status="run" result="completed" time="0" timestamp="2026-04-08T01:04:36" classname="UsersTest" />
    <testcase name="REQ_GUI_007_GetByIndexOutOfRangeFails" status="run" result="completed" time="0" timestamp="2026-04-08T01:04:36" classname="UsersTest" />
    <testcase name="REQ_SEC_004_StoredValueIsNotPlaintext" status="run" result="completed" time="0.002" timestamp="2026-04-08T01:04:36" classname="UsersTest" />
    <testcase name="REQ_SEC_004_StoredValueIsSHA256Hex" status="run" result="completed" time="0" timestamp="2026-04-08T01:04:36" classname="UsersTest" />
    <testcase name="REQ_SEC_004_AuthStillWorksAfterHashing" status="run" result="completed" time="0" timestamp="2026-04-08T01:04:36" classname="UsersTest" />
  </testsuite>
  <testsuite name="PatientInit" tests="3" failures="0" disabled="0" errors="0" time="0" timestamp="2026-04-08T01:04:36">
    <testcase name="REQ_PAT_001_FieldsSet" status="run" result="completed" time="0" timestamp="2026-04-08T01:04:36" classname="PatientInit" />
    <testcase name="REQ_PAT_001_LongNameTruncated" status="run" result="completed" time="0" timestamp="2026-04-08T01:04:36" classname="PatientInit" />
    <testcase name="REQ_PAT_001_ReadingCountZero" status="run" result="completed" time="0" timestamp="2026-04-08T01:04:36" classname="PatientInit" />
  </testsuite>
  <testsuite name="PatientAddReading" tests="5" failures="0" disabled="0" errors="0" time="0" timestamp="2026-04-08T01:04:36">
    <testcase name="REQ_PAT_002_FirstReading" status="run" result="completed" time="0" timestamp="2026-04-08T01:04:36" classname="PatientAddReading" />
    <testcase name="REQ_PAT_002_MultipleReadings" status="run" result="completed" time="0" timestamp="2026-04-08T01:04:36" classname="PatientAddReading" />
    <testcase name="REQ_PAT_002_FillToCapacity" status="run" result="completed" time="0" timestamp="2026-04-08T01:04:36" classname="PatientAddReading" />
    <testcase name="REQ_PAT_002_BeyondCapacity_Returns0" status="run" result="completed" time="0" timestamp="2026-04-08T01:04:36" classname="PatientAddReading" />
    <testcase name="REQ_PAT_002_DataPreserved" status="run" result="completed" time="0" timestamp="2026-04-08T01:04:36" classname="PatientAddReading" />
  </testsuite>
  <testsuite name="PatientLatestReading" tests="2" failures="0" disabled="0" errors="0" time="0" timestamp="2026-04-08T01:04:36">
    <testcase name="REQ_PAT_003_NoReadings_ReturnsNull" status="run" result="completed" time="0" timestamp="2026-04-08T01:04:36" classname="PatientLatestReading" />
    <testcase name="REQ_PAT_003_ReturnsLastAdded" status="run" result="completed" time="0" timestamp="2026-04-08T01:04:36" classname="PatientLatestReading" />
  </testsuite>
  <testsuite name="PatientStatus" tests="4" failures="0" disabled="0" errors="0" time="0" timestamp="2026-04-08T01:04:36">
    <testcase name="REQ_PAT_004_NoReadings_Normal" status="run" result="completed" time="0" timestamp="2026-04-08T01:04:36" classname="PatientStatus" />
    <testcase name="REQ_PAT_004_NormalVitals" status="run" result="completed" time="0" timestamp="2026-04-08T01:04:36" classname="PatientStatus" />
    <testcase name="REQ_PAT_004_CriticalVitals" status="run" result="completed" time="0" timestamp="2026-04-08T01:04:36" classname="PatientStatus" />
    <testcase name="REQ_PAT_004_StatusReflectsLatest" status="run" result="completed" time="0" timestamp="2026-04-08T01:04:36" classname="PatientStatus" />
  </testsuite>
  <testsuite name="PatientIsFull" tests="2" failures="0" disabled="0" errors="0" time="0" timestamp="2026-04-08T01:04:36">
    <testcase name="REQ_PAT_005_NotFull" status="run" result="completed" time="0" timestamp="2026-04-08T01:04:36" classname="PatientIsFull" />
    <testcase name="REQ_PAT_005_Full" status="run" result="completed" time="0" timestamp="2026-04-08T01:04:36" classname="PatientIsFull" />
  </testsuite>
  <testsuite name="PatientPrintSummary" tests="3" failures="0" disabled="0" errors="0" time="0" timestamp="2026-04-08T01:04:36">
    <testcase name="REQ_PAT_006_NoReadings" status="run" result="completed" time="0" timestamp="2026-04-08T01:04:36" classname="PatientPrintSummary" />
    <testcase name="REQ_PAT_006_NormalVitals" status="run" result="completed" time="0" timestamp="2026-04-08T01:04:36" classname="PatientPrintSummary" />
    <testcase name="REQ_PAT_006_CriticalVitals_ActiveAlerts" status="run" result="completed" time="0" timestamp="2026-04-08T01:04:36" classname="PatientPrintSummary" />
  </testsuite>
  <testsuite name="GenerateAlerts" tests="11" failures="0" disabled="0" errors="0" time="0" timestamp="2026-04-08T01:04:36">
    <testcase name="REQ_ALT_001_AllNormal_ZeroAlerts" status="run" result="completed" time="0" timestamp="2026-04-08T01:04:36" classname="GenerateAlerts" />
    <testcase name="REQ_ALT_002_HeartRate_Warning" status="run" result="completed" time="0" timestamp="2026-04-08T01:04:36" classname="GenerateAlerts" />
    <testcase name="REQ_ALT_002_SpO2_Critical" status="run" result="completed" time="0" timestamp="2026-04-08T01:04:36" classname="GenerateAlerts" />
    <testcase name="REQ_ALT_002_Temperature_Warning" status="run" result="completed" time="0" timestamp="2026-04-08T01:04:36" classname="GenerateAlerts" />
    <testcase name="REQ_ALT_002_BloodPressure_Warning" status="run" result="completed" time="0" timestamp="2026-04-08T01:04:36" classname="GenerateAlerts" />
    <testcase name="REQ_ALT_003_TwoParams_TwoAlerts" status="run" result="completed" time="0" timestamp="2026-04-08T01:04:36" classname="GenerateAlerts" />
    <testcase name="REQ_ALT_003_AllParams_FourAlerts" status="run" result="completed" time="0" timestamp="2026-04-08T01:04:36" classname="GenerateAlerts" />
    <testcase name="REQ_ALT_004_MaxOut_Cap_Zero" status="run" result="completed" time="0" timestamp="2026-04-08T01:04:36" classname="GenerateAlerts" />
    <testcase name="REQ_ALT_004_MaxOut_Cap_Two" status="run" result="completed" time="0" timestamp="2026-04-08T01:04:36" classname="GenerateAlerts" />
    <testcase name="REQ_ALT_005_MessageNonEmpty" status="run" result="completed" time="0" timestamp="2026-04-08T01:04:36" classname="GenerateAlerts" />
    <testcase name="REQ_ALT_005_ParameterNonEmpty" status="run" result="completed" time="0" timestamp="2026-04-08T01:04:36" classname="GenerateAlerts" />
  </testsuite>
  <testsuite name="HeartRate" tests="14" failures="0" disabled="0" errors="0" time="0.002" timestamp="2026-04-08T01:04:36">
    <testcase name="REQ_VIT_001_Normal_Nominal" status="run" result="completed" time="0" timestamp="2026-04-08T01:04:36" classname="HeartRate" />
    <testcase name="REQ_VIT_001_Normal_LowerBound" status="run" result="completed" time="0" timestamp="2026-04-08T01:04:36" classname="HeartRate" />
    <testcase name="REQ_VIT_001_Normal_UpperBound" status="run" result="completed" time="0" timestamp="2026-04-08T01:04:36" classname="HeartRate" />
    <testcase name="REQ_VIT_001_Warning_BelowNormal" status="run" result="completed" time="0" timestamp="2026-04-08T01:04:36" classname="HeartRate" />
    <testcase name="REQ_VIT_001_Warning_AboveNormal" status="run" result="completed" time="0" timestamp="2026-04-08T01:04:36" classname="HeartRate" />
    <testcase name="REQ_VIT_001_Warning_LowerEdge" status="run" result="completed" time="0" timestamp="2026-04-08T01:04:36" classname="HeartRate" />
    <testcase name="REQ_VIT_001_Warning_UpperEdge" status="run" result="completed" time="0" timestamp="2026-04-08T01:04:36" classname="HeartRate" />
    <testcase name="REQ_VIT_001_Critical_TooLow" status="run" result="completed" time="0" timestamp="2026-04-08T01:04:36" classname="HeartRate" />
    <testcase name="REQ_VIT_001_Critical_TooLowEdge" status="run" result="completed" time="0" timestamp="2026-04-08T01:04:36" classname="HeartRate" />
    <testcase name="REQ_VIT_001_Critical_TooHigh" status="run" result="completed" time="0" timestamp="2026-04-08T01:04:36" classname="HeartRate" />
    <testcase name="REQ_VIT_001_Critical_TooHighEdge" status="run" result="completed" time="0" timestamp="2026-04-08T01:04:36" classname="HeartRate" />
    <testcase name="REQ_VIT_001_Warning_At40" status="run" result="completed" time="0" timestamp="2026-04-08T01:04:36" classname="HeartRate" />
    <testcase name="REQ_VIT_001_Warning_At150" status="run" result="completed" time="0" timestamp="2026-04-08T01:04:36" classname="HeartRate" />
    <testcase name="REQ_VIT_001_Critical_Negative" status="run" result="completed" time="0" timestamp="2026-04-08T01:04:36" classname="HeartRate" />
  </testsuite>
  <testsuite name="BloodPressure" tests="12" failures="0" disabled="0" errors="0" time="0" timestamp="2026-04-08T01:04:36">
    <testcase name="REQ_VIT_002_Normal_Typical" status="run" result="completed" time="0" timestamp="2026-04-08T01:04:36" classname="BloodPressure" />
    <testcase name="REQ_VIT_002_Normal_LowerBounds" status="run" result="completed" time="0" timestamp="2026-04-08T01:04:36" classname="BloodPressure" />
    <testcase name="REQ_VIT_002_Normal_UpperBounds" status="run" result="completed" time="0" timestamp="2026-04-08T01:04:36" classname="BloodPressure" />
    <testcase name="REQ_VIT_002_Warning_SystolicLow" status="run" result="completed" time="0" timestamp="2026-04-08T01:04:36" classname="BloodPressure" />
    <testcase name="REQ_VIT_002_Warning_SystolicHigh" status="run" result="completed" time="0" timestamp="2026-04-08T01:04:36" classname="BloodPressure" />
    <testcase name="REQ_VIT_002_Warning_DiastolicLow" status="run" result="completed" time="0" timestamp="2026-04-08T01:04:36" classname="BloodPressure" />
    <testcase name="REQ_VIT_002_Warning_DiastolicHigh" status="run" result="completed" time="0" timestamp="2026-04-08T01:04:36" classname="BloodPressure" />
    <testcase name="REQ_VIT_002_Critical_SystolicLow" status="run" result="completed" time="0" timestamp="2026-04-08T01:04:36" classname="BloodPressure" />
    <testcase name="REQ_VIT_002_Critical_SystolicHigh" status="run" result="completed" time="0" timestamp="2026-04-08T01:04:36" classname="BloodPressure" />
    <testcase name="REQ_VIT_002_Critical_DiastolicLow" status="run" result="completed" time="0" timestamp="2026-04-08T01:04:36" classname="BloodPressure" />
    <testcase name="REQ_VIT_002_Critical_DiastolicHigh" status="run" result="completed" time="0" timestamp="2026-04-08T01:04:36" classname="BloodPressure" />
    <testcase name="REQ_VIT_002_Critical_Both" status="run" result="completed" time="0" timestamp="2026-04-08T01:04:36" classname="BloodPressure" />
  </testsuite>
  <testsuite name="Temperature" tests="10" failures="0" disabled="0" errors="0" time="0" timestamp="2026-04-08T01:04:36">
    <testcase name="REQ_VIT_003_Normal_Typical" status="run" result="completed" time="0" timestamp="2026-04-08T01:04:36" classname="Temperature" />
    <testcase name="REQ_VIT_003_Normal_LowerBound" status="run" result="completed" time="0" timestamp="2026-04-08T01:04:36" classname="Temperature" />
    <testcase name="REQ_VIT_003_Normal_UpperBound" status="run" result="completed" time="0" timestamp="2026-04-08T01:04:36" classname="Temperature" />
    <testcase name="REQ_VIT_003_Warning_Hypothermia" status="run" result="completed" time="0" timestamp="2026-04-08T01:04:36" classname="Temperature" />
    <testcase name="REQ_VIT_003_Warning_LowGradeFever" status="run" result="completed" time="0" timestamp="2026-04-08T01:04:36" classname="Temperature" />
    <testcase name="REQ_VIT_003_Warning_JustBelowNormal" status="run" result="completed" time="0" timestamp="2026-04-08T01:04:36" classname="Temperature" />
    <testcase name="REQ_VIT_003_Warning_JustAboveNormal" status="run" result="completed" time="0" timestamp="2026-04-08T01:04:36" classname="Temperature" />
    <testcase name="REQ_VIT_003_Critical_Hypothermia" status="run" result="completed" time="0" timestamp="2026-04-08T01:04:36" classname="Temperature" />
    <testcase name="REQ_VIT_003_Critical_HighFever" status="run" result="completed" time="0" timestamp="2026-04-08T01:04:36" classname="Temperature" />
    <testcase name="REQ_VIT_003_Critical_Extreme" status="run" result="completed" time="0" timestamp="2026-04-08T01:04:36" classname="Temperature" />
  </testsuite>
  <testsuite name="SpO2" tests="8" failures="0" disabled="0" errors="0" time="0" timestamp="2026-04-08T01:04:36">
    <testcase name="REQ_VIT_004_Normal_100" status="run" result="completed" time="0" timestamp="2026-04-08T01:04:36" classname="SpO2" />
    <testcase name="REQ_VIT_004_Normal_95" status="run" result="completed" time="0" timestamp="2026-04-08T01:04:36" classname="SpO2" />
    <testcase name="REQ_VIT_004_Normal_Typical" status="run" result="completed" time="0" timestamp="2026-04-08T01:04:36" classname="SpO2" />
    <testcase name="REQ_VIT_004_Warning_94" status="run" result="completed" time="0" timestamp="2026-04-08T01:04:36" classname="SpO2" />
    <testcase name="REQ_VIT_004_Warning_90" status="run" result="completed" time="0" timestamp="2026-04-08T01:04:36" classname="SpO2" />
    <testcase name="REQ_VIT_004_Critical_89" status="run" result="completed" time="0" timestamp="2026-04-08T01:04:36" classname="SpO2" />
    <testcase name="REQ_VIT_004_Critical_Zero" status="run" result="completed" time="0" timestamp="2026-04-08T01:04:36" classname="SpO2" />
    <testcase name="REQ_VIT_004_Critical_Neg" status="run" result="completed" time="0" timestamp="2026-04-08T01:04:36" classname="SpO2" />
  </testsuite>
  <testsuite name="OverallAlert" tests="5" failures="0" disabled="0" errors="0" time="0" timestamp="2026-04-08T01:04:36">
    <testcase name="REQ_VIT_005_AllNormal" status="run" result="completed" time="0" timestamp="2026-04-08T01:04:36" classname="OverallAlert" />
    <testcase name="REQ_VIT_005_OneWarning" status="run" result="completed" time="0" timestamp="2026-04-08T01:04:36" classname="OverallAlert" />
    <testcase name="REQ_VIT_005_OneCritical" status="run" result="completed" time="0" timestamp="2026-04-08T01:04:36" classname="OverallAlert" />
    <testcase name="REQ_VIT_005_CriticalOverridesWarning" status="run" result="completed" time="0" timestamp="2026-04-08T01:04:36" classname="OverallAlert" />
    <testcase name="REQ_VIT_005_AllCritical" status="run" result="completed" time="0" timestamp="2026-04-08T01:04:36" classname="OverallAlert" />
  </testsuite>
  <testsuite name="BMI" tests="12" failures="0" disabled="0" errors="0" time="0" timestamp="2026-04-08T01:04:36">
    <testcase name="REQ_VIT_006_NormalWeight" status="run" result="completed" time="0" timestamp="2026-04-08T01:04:36" classname="BMI" />
    <testcase name="REQ_VIT_006_Underweight" status="run" result="completed" time="0" timestamp="2026-04-08T01:04:36" classname="BMI" />
    <testcase name="REQ_VIT_006_Overweight" status="run" result="completed" time="0" timestamp="2026-04-08T01:04:36" classname="BMI" />
    <testcase name="REQ_VIT_006_Obese" status="run" result="completed" time="0" timestamp="2026-04-08T01:04:36" classname="BMI" />
    <testcase name="REQ_VIT_006_ZeroHeight" status="run" result="completed" time="0" timestamp="2026-04-08T01:04:36" classname="BMI" />
    <testcase name="REQ_VIT_006_NegativeHeight" status="run" result="completed" time="0" timestamp="2026-04-08T01:04:36" classname="BMI" />
    <testcase name="REQ_VIT_006_Category_Underweight" status="run" result="completed" time="0" timestamp="2026-04-08T01:04:36" classname="BMI" />
    <testcase name="REQ_VIT_006_Category_NormalLow" status="run" result="completed" time="0" timestamp="2026-04-08T01:04:36" classname="BMI" />
    <testcase name="REQ_VIT_006_Category_NormalHigh" status="run" result="completed" time="0" timestamp="2026-04-08T01:04:36" classname="BMI" />
    <testcase name="REQ_VIT_006_Category_Overweight" status="run" result="completed" time="0" timestamp="2026-04-08T01:04:36" classname="BMI" />
    <testcase name="REQ_VIT_006_Category_Obese" status="run" result="completed" time="0" timestamp="2026-04-08T01:04:36" classname="BMI" />
    <testcase name="REQ_VIT_006_Category_Invalid" status="run" result="completed" time="0" timestamp="2026-04-08T01:04:36" classname="BMI" />
  </testsuite>
  <testsuite name="AlertStr" tests="4" failures="0" disabled="0" errors="0" time="0" timestamp="2026-04-08T01:04:36">
    <testcase name="REQ_VIT_007_Normal" status="run" result="completed" time="0" timestamp="2026-04-08T01:04:36" classname="AlertStr" />
    <testcase name="REQ_VIT_007_Warning" status="run" result="completed" time="0" timestamp="2026-04-08T01:04:36" classname="AlertStr" />
    <testcase name="REQ_VIT_007_Critical" status="run" result="completed" time="0" timestamp="2026-04-08T01:04:36" classname="AlertStr" />
    <testcase name="REQ_VIT_007_Unknown" status="run" result="completed" time="0" timestamp="2026-04-08T01:04:36" classname="AlertStr" />
  </testsuite>
</testsuites>
