Start testing: Apr 08 01:37 GMT Daylight Time
----------------------------------------------------------
1/2 Testing: UnitTests
1/2 Test: UnitTests
Command: "C:/Users/vinun/claude AI/build_v21/tests/test_unit.exe" "--gtest_output=xml:C:/Users/vinun/claude AI/build_v21/results_unit.xml"
Directory: C:/Users/vinun/claude AI/build_v21/tests
"UnitTests" start time: Apr 08 01:37 GMT Daylight Time
Output:
----------------------------------------------------------
Running main() from C:\Users\vinun\claude AI\build_v21\_deps\googletest-src\googletest\src\gtest_main.cc
[==========] Running 158 tests from 19 test suites.
[----------] Global test environment set-up.
[----------] 10 tests from ConfigTest
[ RUN      ] ConfigTest.DefaultWhenFileAbsent
[       OK ] ConfigTest.DefaultWhenFileAbsent (0 ms)
[ RUN      ] ConfigTest.SaveZeroThenLoadReturnsZero
[       OK ] ConfigTest.SaveZeroThenLoadReturnsZero (2 ms)
[ RUN      ] ConfigTest.SaveOneThenLoadReturnsOne
[       OK ] ConfigTest.SaveOneThenLoadReturnsOne (0 ms)
[ RUN      ] ConfigTest.MultipleSaveLoadCyclesPreserveValue
[       OK ] ConfigTest.MultipleSaveLoadCyclesPreserveValue (12 ms)
[ RUN      ] ConfigTest.OverwriteExistingFile
[       OK ] ConfigTest.OverwriteExistingFile (0 ms)
[ RUN      ] ConfigTest.MalformedFileReturnsDefault
[       OK ] ConfigTest.MalformedFileReturnsDefault (16 ms)
[ RUN      ] ConfigTest.EmptyFileReturnsDefault
[       OK ] ConfigTest.EmptyFileReturnsDefault (1 ms)
[ RUN      ] ConfigTest.FileWithExtraKeysBeforeTarget
[       OK ] ConfigTest.FileWithExtraKeysBeforeTarget (8 ms)
[ RUN      ] ConfigTest.SetPathNullResetsThenReapply
[       OK ] ConfigTest.SetPathNullResetsThenReapply (2 ms)
[ RUN      ] ConfigTest.NonZeroValueTreatedAsEnabled
[       OK ] ConfigTest.NonZeroValueTreatedAsEnabled (12 ms)
[----------] 10 tests from ConfigTest (53 ms total)

[----------] 3 tests from HALTest
[ RUN      ] HALTest.InitDoesNotCrash
[       OK ] HALTest.InitDoesNotCrash (0 ms)
[ RUN      ] HALTest.SingleReadingIsPhysiologicallyValid
[       OK ] HALTest.SingleReadingIsPhysiologicallyValid (0 ms)
[ RUN      ] HALTest.TenConsecutiveReadingsAreValid
[       OK ] HALTest.TenConsecutiveReadingsAreValid (0 ms)
[----------] 3 tests from HALTest (0 ms total)

[----------] 1 test from HALTestNoInit
[ RUN      ] HALTestNoInit.ReadingWithoutInitDoesNotCrash
[       OK ] HALTestNoInit.ReadingWithoutInitDoesNotCrash (0 ms)
[----------] 1 test from HALTestNoInit (0 ms total)

[----------] 8 tests from SimSequenceTest
[ RUN      ] SimSequenceTest.TwentyReadingsAreUnique
[       OK ] SimSequenceTest.TwentyReadingsAreUnique (0 ms)
[ RUN      ] SimSequenceTest.SequenceCyclesAfterTwentyReads
[       OK ] SimSequenceTest.SequenceCyclesAfterTwentyReads (0 ms)
[ RUN      ] SimSequenceTest.HwInitResetsIndex
[       OK ] SimSequenceTest.HwInitResetsIndex (0 ms)
[ RUN      ] SimSequenceTest.MultipleInitCallsAreSafe
[       OK ] SimSequenceTest.MultipleInitCallsAreSafe (0 ms)
[ RUN      ] SimSequenceTest.CycleContainsAtLeastOneCriticalReading
[       OK ] SimSequenceTest.CycleContainsAtLeastOneCriticalReading (0 ms)
[ RUN      ] SimSequenceTest.CycleContainsAtLeastOneNormalReading
[       OK ] SimSequenceTest.CycleContainsAtLeastOneNormalReading (0 ms)
[ RUN      ] SimSequenceTest.TwoFullCyclesAllReadingsValid
[       OK ] SimSequenceTest.TwoFullCyclesAllReadingsValid (0 ms)
[ RUN      ] SimSequenceTest.SecondCycleMatchesFirstCycle
[       OK ] SimSequenceTest.SecondCycleMatchesFirstCycle (0 ms)
[----------] 8 tests from SimSequenceTest (1 ms total)

[----------] 41 tests from UsersTest
[ RUN      ] UsersTest.REQ_GUI_001_ValidCredentialsReturnOne
[       OK ] UsersTest.REQ_GUI_001_ValidCredentialsReturnOne (0 ms)
[ RUN      ] UsersTest.REQ_GUI_001_WrongPasswordReturnsZero
[       OK ] UsersTest.REQ_GUI_001_WrongPasswordReturnsZero (0 ms)
[ RUN      ] UsersTest.REQ_GUI_001_WrongUsernameReturnsZero
[       OK ] UsersTest.REQ_GUI_001_WrongUsernameReturnsZero (0 ms)
[ RUN      ] UsersTest.REQ_GUI_001_BothWrongReturnsZero
[       OK ] UsersTest.REQ_GUI_001_BothWrongReturnsZero (0 ms)
[ RUN      ] UsersTest.REQ_GUI_001_EmptyUsernameReturnsZero
[       OK ] UsersTest.REQ_GUI_001_EmptyUsernameReturnsZero (0 ms)
[ RUN      ] UsersTest.REQ_GUI_001_EmptyPasswordReturnsZero
[       OK ] UsersTest.REQ_GUI_001_EmptyPasswordReturnsZero (0 ms)
[ RUN      ] UsersTest.REQ_GUI_001_BothEmptyReturnsZero
[       OK ] UsersTest.REQ_GUI_001_BothEmptyReturnsZero (0 ms)
[ RUN      ] UsersTest.REQ_GUI_001_NullUsernameReturnsZero
[       OK ] UsersTest.REQ_GUI_001_NullUsernameReturnsZero (0 ms)
[ RUN      ] UsersTest.REQ_GUI_001_NullPasswordReturnsZero
[       OK ] UsersTest.REQ_GUI_001_NullPasswordReturnsZero (0 ms)
[ RUN      ] UsersTest.REQ_GUI_001_BothNullReturnsZero
[       OK ] UsersTest.REQ_GUI_001_BothNullReturnsZero (0 ms)
[ RUN      ] UsersTest.REQ_GUI_002_KnownUsernameReturnsDisplayName
[       OK ] UsersTest.REQ_GUI_002_KnownUsernameReturnsDisplayName (0 ms)
[ RUN      ] UsersTest.REQ_GUI_002_UnknownUsernameReturnsEmpty
[       OK ] UsersTest.REQ_GUI_002_UnknownUsernameReturnsEmpty (1 ms)
[ RUN      ] UsersTest.REQ_GUI_002_NullUsernameHandledSafely
[       OK ] UsersTest.REQ_GUI_002_NullUsernameHandledSafely (0 ms)
[ RUN      ] UsersTest.REQ_GUI_002_NullOutputHandledSafely
[       OK ] UsersTest.REQ_GUI_002_NullOutputHandledSafely (0 ms)
[ RUN      ] UsersTest.REQ_GUI_002_ZeroLengthBufferHandledSafely
[       OK ] UsersTest.REQ_GUI_002_ZeroLengthBufferHandledSafely (0 ms)
[ RUN      ] UsersTest.REQ_SEC_001_AdminAuthSucceeds
[       OK ] UsersTest.REQ_SEC_001_AdminAuthSucceeds (0 ms)
[ RUN      ] UsersTest.REQ_SEC_001_ClinicalAuthSucceeds
[       OK ] UsersTest.REQ_SEC_001_ClinicalAuthSucceeds (0 ms)
[ RUN      ] UsersTest.REQ_SEC_001_WrongPasswordFails
[       OK ] UsersTest.REQ_SEC_001_WrongPasswordFails (0 ms)
[ RUN      ] UsersTest.REQ_SEC_001_UnknownUserFails
[       OK ] UsersTest.REQ_SEC_001_UnknownUserFails (0 ms)
[ RUN      ] UsersTest.REQ_SEC_001_NullUsernameSafe
[       OK ] UsersTest.REQ_SEC_001_NullUsernameSafe (0 ms)
[ RUN      ] UsersTest.REQ_SEC_001_NullPasswordSafe
[       OK ] UsersTest.REQ_SEC_001_NullPasswordSafe (0 ms)
[ RUN      ] UsersTest.REQ_SEC_002_RoleOutNullDoesNotCrash
[       OK ] UsersTest.REQ_SEC_002_RoleOutNullDoesNotCrash (0 ms)
[ RUN      ] UsersTest.REQ_SEC_003_ChangePasswordSuccess
[       OK ] UsersTest.REQ_SEC_003_ChangePasswordSuccess (0 ms)
[ RUN      ] UsersTest.REQ_SEC_003_ChangePasswordWrongOldFails
[       OK ] UsersTest.REQ_SEC_003_ChangePasswordWrongOldFails (1 ms)
[ RUN      ] UsersTest.REQ_SEC_003_ChangePasswordTooShortFails
[       OK ] UsersTest.REQ_SEC_003_ChangePasswordTooShortFails (0 ms)
[ RUN      ] UsersTest.REQ_SEC_003_ChangePasswordNullSafe
[       OK ] UsersTest.REQ_SEC_003_ChangePasswordNullSafe (0 ms)
[ RUN      ] UsersTest.REQ_SEC_003_AdminSetPasswordSuccess
[       OK ] UsersTest.REQ_SEC_003_AdminSetPasswordSuccess (1 ms)
[ RUN      ] UsersTest.REQ_SEC_003_AdminSetPasswordTooShortFails
[       OK ] UsersTest.REQ_SEC_003_AdminSetPasswordTooShortFails (0 ms)
[ RUN      ] UsersTest.REQ_SEC_003_AdminSetPasswordUnknownUserFails
[       OK ] UsersTest.REQ_SEC_003_AdminSetPasswordUnknownUserFails (0 ms)
[ RUN      ] UsersTest.REQ_SEC_003_AdminSetPasswordNullSafe
[       OK ] UsersTest.REQ_SEC_003_AdminSetPasswordNullSafe (0 ms)
[ RUN      ] UsersTest.REQ_GUI_007_DefaultCountIsTwo
[       OK ] UsersTest.REQ_GUI_007_DefaultCountIsTwo (0 ms)
[ RUN      ] UsersTest.REQ_GUI_007_AddUserSucceeds
[       OK ] UsersTest.REQ_GUI_007_AddUserSucceeds (1 ms)
[ RUN      ] UsersTest.REQ_GUI_007_AddDuplicateUserFails
[       OK ] UsersTest.REQ_GUI_007_AddDuplicateUserFails (0 ms)
[ RUN      ] UsersTest.REQ_GUI_007_AddUserPasswordTooShortFails
[       OK ] UsersTest.REQ_GUI_007_AddUserPasswordTooShortFails (0 ms)
[ RUN      ] UsersTest.REQ_GUI_007_RemoveClinicianSucceeds
[       OK ] UsersTest.REQ_GUI_007_RemoveClinicianSucceeds (1 ms)
[ RUN      ] UsersTest.REQ_GUI_007_RemoveLastAdminFails
[       OK ] UsersTest.REQ_GUI_007_RemoveLastAdminFails (0 ms)
[ RUN      ] UsersTest.REQ_GUI_007_GetByIndexReturnsCorrectAccount
[       OK ] UsersTest.REQ_GUI_007_GetByIndexReturnsCorrectAccount (1 ms)
[ RUN      ] UsersTest.REQ_GUI_007_GetByIndexOutOfRangeFails
[       OK ] UsersTest.REQ_GUI_007_GetByIndexOutOfRangeFails (0 ms)
[ RUN      ] UsersTest.REQ_SEC_004_StoredValueIsNotPlaintext
[       OK ] UsersTest.REQ_SEC_004_StoredValueIsNotPlaintext (0 ms)
[ RUN      ] UsersTest.REQ_SEC_004_StoredValueIsSHA256Hex
[       OK ] UsersTest.REQ_SEC_004_StoredValueIsSHA256Hex (0 ms)
[ RUN      ] UsersTest.REQ_SEC_004_AuthStillWorksAfterHashing
[       OK ] UsersTest.REQ_SEC_004_AuthStillWorksAfterHashing (0 ms)
[----------] 41 tests from UsersTest (9 ms total)

[----------] 3 tests from PatientInit
[ RUN      ] PatientInit.REQ_PAT_001_FieldsSet
[       OK ] PatientInit.REQ_PAT_001_FieldsSet (0 ms)
[ RUN      ] PatientInit.REQ_PAT_001_LongNameTruncated
[       OK ] PatientInit.REQ_PAT_001_LongNameTruncated (0 ms)
[ RUN      ] PatientInit.REQ_PAT_001_ReadingCountZero
[       OK ] PatientInit.REQ_PAT_001_ReadingCountZero (0 ms)
[----------] 3 tests from PatientInit (0 ms total)

[----------] 5 tests from PatientAddReading
[ RUN      ] PatientAddReading.REQ_PAT_002_FirstReading
[       OK ] PatientAddReading.REQ_PAT_002_FirstReading (0 ms)
[ RUN      ] PatientAddReading.REQ_PAT_002_MultipleReadings
[       OK ] PatientAddReading.REQ_PAT_002_MultipleReadings (0 ms)
[ RUN      ] PatientAddReading.REQ_PAT_002_FillToCapacity
[       OK ] PatientAddReading.REQ_PAT_002_FillToCapacity (0 ms)
[ RUN      ] PatientAddReading.REQ_PAT_002_BeyondCapacity_Returns0
[       OK ] PatientAddReading.REQ_PAT_002_BeyondCapacity_Returns0 (0 ms)
[ RUN      ] PatientAddReading.REQ_PAT_002_DataPreserved
[       OK ] PatientAddReading.REQ_PAT_002_DataPreserved (0 ms)
[----------] 5 tests from PatientAddReading (0 ms total)

[----------] 2 tests from PatientLatestReading
[ RUN      ] PatientLatestReading.REQ_PAT_003_NoReadings_ReturnsNull
[       OK ] PatientLatestReading.REQ_PAT_003_NoReadings_ReturnsNull (0 ms)
[ RUN      ] PatientLatestReading.REQ_PAT_003_ReturnsLastAdded
[       OK ] PatientLatestReading.REQ_PAT_003_ReturnsLastAdded (0 ms)
[----------] 2 tests from PatientLatestReading (0 ms total)

[----------] 4 tests from PatientStatus
[ RUN      ] PatientStatus.REQ_PAT_004_NoReadings_Normal
[       OK ] PatientStatus.REQ_PAT_004_NoReadings_Normal (0 ms)
[ RUN      ] PatientStatus.REQ_PAT_004_NormalVitals
[       OK ] PatientStatus.REQ_PAT_004_NormalVitals (0 ms)
[ RUN      ] PatientStatus.REQ_PAT_004_CriticalVitals
[       OK ] PatientStatus.REQ_PAT_004_CriticalVitals (0 ms)
[ RUN      ] PatientStatus.REQ_PAT_004_StatusReflectsLatest
[       OK ] PatientStatus.REQ_PAT_004_StatusReflectsLatest (0 ms)
[----------] 4 tests from PatientStatus (0 ms total)

[----------] 2 tests from PatientIsFull
[ RUN      ] PatientIsFull.REQ_PAT_005_NotFull
[       OK ] PatientIsFull.REQ_PAT_005_NotFull (0 ms)
[ RUN      ] PatientIsFull.REQ_PAT_005_Full
[       OK ] PatientIsFull.REQ_PAT_005_Full (0 ms)
[----------] 2 tests from PatientIsFull (0 ms total)

[----------] 3 tests from PatientPrintSummary
[ RUN      ] PatientPrintSummary.REQ_PAT_006_NoReadings
+--------------------------------------------------+
| PATIENT SUMMARY                                  |
+--------------------------------------------------+
  Name    : No Readings
  ID      : 9
  Age     : 30 years
  BMI     : 22.9  (Normal weight)
  Readings: 0 / 10

  Overall Status : NORMAL
+--------------------------------------------------+
[       OK ] PatientPrintSummary.REQ_PAT_006_NoReadings (0 ms)
[ RUN      ] PatientPrintSummary.REQ_PAT_006_NormalVitals
+--------------------------------------------------+
| PATIENT SUMMARY                                  |
+--------------------------------------------------+
  Name    : Normal Patient
  ID      : 10
  Age     : 40 years
  BMI     : 23.7  (Normal weight)
  Readings: 1 / 10

  Latest Vitals:
    Heart Rate  :  72 bpm       [NORMAL]
    BP          : 120/80  mmHg  [NORMAL]
    Temperature : 36.6 C        [NORMAL]
    SpO2        :  98%           [NORMAL]

  Overall Status : NORMAL
+--------------------------------------------------+
[       OK ] PatientPrintSummary.REQ_PAT_006_NormalVitals (0 ms)
[ RUN      ] PatientPrintSummary.REQ_PAT_006_CriticalVitals_ActiveAlerts
+--------------------------------------------------+
| PATIENT SUMMARY                                  |
+--------------------------------------------------+
  Name    : Critical Patient
  ID      : 11
  Age     : 55 years
  BMI     : 30.4  (Obese)
  Readings: 1 / 10

  Latest Vitals:
    Heart Rate  :  35 bpm       [CRITICAL]
    BP          :  60/35  mmHg  [CRITICAL]
    Temperature : 40.0 C        [CRITICAL]
    SpO2        :  85%           [CRITICAL]

  Overall Status : CRITICAL

  Active Alerts:
  !! CRITICAL  Heart rate 35 bpm [normal 60-100]
  !! CRITICAL  BP 60/35 mmHg [normal 90-140 / 60-90]
  !! CRITICAL  Temp 40.0 C [normal 36.1-37.2]
  !! CRITICAL  SpO2 85% [normal 95-100%]
+--------------------------------------------------+
[       OK ] PatientPrintSummary.REQ_PAT_006_CriticalVitals_ActiveAlerts (0 ms)
[----------] 3 tests from PatientPrintSummary (0 ms total)

[----------] 11 tests from GenerateAlerts
[ RUN      ] GenerateAlerts.REQ_ALT_001_AllNormal_ZeroAlerts
[       OK ] GenerateAlerts.REQ_ALT_001_AllNormal_ZeroAlerts (0 ms)
[ RUN      ] GenerateAlerts.REQ_ALT_002_HeartRate_Warning
[       OK ] GenerateAlerts.REQ_ALT_002_HeartRate_Warning (0 ms)
[ RUN      ] GenerateAlerts.REQ_ALT_002_SpO2_Critical
[       OK ] GenerateAlerts.REQ_ALT_002_SpO2_Critical (0 ms)
[ RUN      ] GenerateAlerts.REQ_ALT_002_Temperature_Warning
[       OK ] GenerateAlerts.REQ_ALT_002_Temperature_Warning (0 ms)
[ RUN      ] GenerateAlerts.REQ_ALT_002_BloodPressure_Warning
[       OK ] GenerateAlerts.REQ_ALT_002_BloodPressure_Warning (0 ms)
[ RUN      ] GenerateAlerts.REQ_ALT_003_TwoParams_TwoAlerts
[       OK ] GenerateAlerts.REQ_ALT_003_TwoParams_TwoAlerts (0 ms)
[ RUN      ] GenerateAlerts.REQ_ALT_003_AllParams_FourAlerts
[       OK ] GenerateAlerts.REQ_ALT_003_AllParams_FourAlerts (0 ms)
[ RUN      ] GenerateAlerts.REQ_ALT_004_MaxOut_Cap_Zero
[       OK ] GenerateAlerts.REQ_ALT_004_MaxOut_Cap_Zero (0 ms)
[ RUN      ] GenerateAlerts.REQ_ALT_004_MaxOut_Cap_Two
[       OK ] GenerateAlerts.REQ_ALT_004_MaxOut_Cap_Two (0 ms)
[ RUN      ] GenerateAlerts.REQ_ALT_005_MessageNonEmpty
[       OK ] GenerateAlerts.REQ_ALT_005_MessageNonEmpty (0 ms)
[ RUN      ] GenerateAlerts.REQ_ALT_005_ParameterNonEmpty
[       OK ] GenerateAlerts.REQ_ALT_005_ParameterNonEmpty (0 ms)
[----------] 11 tests from GenerateAlerts (0 ms total)

[----------] 14 tests from HeartRate
[ RUN      ] HeartRate.REQ_VIT_001_Normal_Nominal
[       OK ] HeartRate.REQ_VIT_001_Normal_Nominal (0 ms)
[ RUN      ] HeartRate.REQ_VIT_001_Normal_LowerBound
[       OK ] HeartRate.REQ_VIT_001_Normal_LowerBound (0 ms)
[ RUN      ] HeartRate.REQ_VIT_001_Normal_UpperBound
[       OK ] HeartRate.REQ_VIT_001_Normal_UpperBound (0 ms)
[ RUN      ] HeartRate.REQ_VIT_001_Warning_BelowNormal
[       OK ] HeartRate.REQ_VIT_001_Warning_BelowNormal (0 ms)
[ RUN      ] HeartRate.REQ_VIT_001_Warning_AboveNormal
[       OK ] HeartRate.REQ_VIT_001_Warning_AboveNormal (0 ms)
[ RUN      ] HeartRate.REQ_VIT_001_Warning_LowerEdge
[       OK ] HeartRate.REQ_VIT_001_Warning_LowerEdge (0 ms)
[ RUN      ] HeartRate.REQ_VIT_001_Warning_UpperEdge
[       OK ] HeartRate.REQ_VIT_001_Warning_UpperEdge (0 ms)
[ RUN      ] HeartRate.REQ_VIT_001_Critical_TooLow
[       OK ] HeartRate.REQ_VIT_001_Critical_TooLow (0 ms)
[ RUN      ] HeartRate.REQ_VIT_001_Critical_TooLowEdge
[       OK ] HeartRate.REQ_VIT_001_Critical_TooLowEdge (0 ms)
[ RUN      ] HeartRate.REQ_VIT_001_Critical_TooHigh
[       OK ] HeartRate.REQ_VIT_001_Critical_TooHigh (0 ms)
[ RUN      ] HeartRate.REQ_VIT_001_Critical_TooHighEdge
[       OK ] HeartRate.REQ_VIT_001_Critical_TooHighEdge (0 ms)
[ RUN      ] HeartRate.REQ_VIT_001_Warning_At40
[       OK ] HeartRate.REQ_VIT_001_Warning_At40 (0 ms)
[ RUN      ] HeartRate.REQ_VIT_001_Warning_At150
[       OK ] HeartRate.REQ_VIT_001_Warning_At150 (0 ms)
[ RUN      ] HeartRate.REQ_VIT_001_Critical_Negative
[       OK ] HeartRate.REQ_VIT_001_Critical_Negative (0 ms)
[----------] 14 tests from HeartRate (1 ms total)

[----------] 12 tests from BloodPressure
[ RUN      ] BloodPressure.REQ_VIT_002_Normal_Typical
[       OK ] BloodPressure.REQ_VIT_002_Normal_Typical (0 ms)
[ RUN      ] BloodPressure.REQ_VIT_002_Normal_LowerBounds
[       OK ] BloodPressure.REQ_VIT_002_Normal_LowerBounds (0 ms)
[ RUN      ] BloodPressure.REQ_VIT_002_Normal_UpperBounds
[       OK ] BloodPressure.REQ_VIT_002_Normal_UpperBounds (0 ms)
[ RUN      ] BloodPressure.REQ_VIT_002_Warning_SystolicLow
[       OK ] BloodPressure.REQ_VIT_002_Warning_SystolicLow (0 ms)
[ RUN      ] BloodPressure.REQ_VIT_002_Warning_SystolicHigh
[       OK ] BloodPressure.REQ_VIT_002_Warning_SystolicHigh (0 ms)
[ RUN      ] BloodPressure.REQ_VIT_002_Warning_DiastolicLow
[       OK ] BloodPressure.REQ_VIT_002_Warning_DiastolicLow (0 ms)
[ RUN      ] BloodPressure.REQ_VIT_002_Warning_DiastolicHigh
[       OK ] BloodPressure.REQ_VIT_002_Warning_DiastolicHigh (0 ms)
[ RUN      ] BloodPressure.REQ_VIT_002_Critical_SystolicLow
[       OK ] BloodPressure.REQ_VIT_002_Critical_SystolicLow (0 ms)
[ RUN      ] BloodPressure.REQ_VIT_002_Critical_SystolicHigh
[       OK ] BloodPressure.REQ_VIT_002_Critical_SystolicHigh (0 ms)
[ RUN      ] BloodPressure.REQ_VIT_002_Critical_DiastolicLow
[       OK ] BloodPressure.REQ_VIT_002_Critical_DiastolicLow (0 ms)
[ RUN      ] BloodPressure.REQ_VIT_002_Critical_DiastolicHigh
[       OK ] BloodPressure.REQ_VIT_002_Critical_DiastolicHigh (0 ms)
[ RUN      ] BloodPressure.REQ_VIT_002_Critical_Both
[       OK ] BloodPressure.REQ_VIT_002_Critical_Both (0 ms)
[----------] 12 tests from BloodPressure (0 ms total)

[----------] 10 tests from Temperature
[ RUN      ] Temperature.REQ_VIT_003_Normal_Typical
[       OK ] Temperature.REQ_VIT_003_Normal_Typical (0 ms)
[ RUN      ] Temperature.REQ_VIT_003_Normal_LowerBound
[       OK ] Temperature.REQ_VIT_003_Normal_LowerBound (0 ms)
[ RUN      ] Temperature.REQ_VIT_003_Normal_UpperBound
[       OK ] Temperature.REQ_VIT_003_Normal_UpperBound (0 ms)
[ RUN      ] Temperature.REQ_VIT_003_Warning_Hypothermia
[       OK ] Temperature.REQ_VIT_003_Warning_Hypothermia (0 ms)
[ RUN      ] Temperature.REQ_VIT_003_Warning_LowGradeFever
[       OK ] Temperature.REQ_VIT_003_Warning_LowGradeFever (0 ms)
[ RUN      ] Temperature.REQ_VIT_003_Warning_JustBelowNormal
[       OK ] Temperature.REQ_VIT_003_Warning_JustBelowNormal (0 ms)
[ RUN      ] Temperature.REQ_VIT_003_Warning_JustAboveNormal
[       OK ] Temperature.REQ_VIT_003_Warning_JustAboveNormal (0 ms)
[ RUN      ] Temperature.REQ_VIT_003_Critical_Hypothermia
[       OK ] Temperature.REQ_VIT_003_Critical_Hypothermia (0 ms)
[ RUN      ] Temperature.REQ_VIT_003_Critical_HighFever
[       OK ] Temperature.REQ_VIT_003_Critical_HighFever (0 ms)
[ RUN      ] Temperature.REQ_VIT_003_Critical_Extreme
[       OK ] Temperature.REQ_VIT_003_Critical_Extreme (0 ms)
[----------] 10 tests from Temperature (0 ms total)

[----------] 8 tests from SpO2
[ RUN      ] SpO2.REQ_VIT_004_Normal_100
[       OK ] SpO2.REQ_VIT_004_Normal_100 (0 ms)
[ RUN      ] SpO2.REQ_VIT_004_Normal_95
[       OK ] SpO2.REQ_VIT_004_Normal_95 (0 ms)
[ RUN      ] SpO2.REQ_VIT_004_Normal_Typical
[       OK ] SpO2.REQ_VIT_004_Normal_Typical (0 ms)
[ RUN      ] SpO2.REQ_VIT_004_Warning_94
[       OK ] SpO2.REQ_VIT_004_Warning_94 (0 ms)
[ RUN      ] SpO2.REQ_VIT_004_Warning_90
[       OK ] SpO2.REQ_VIT_004_Warning_90 (0 ms)
[ RUN      ] SpO2.REQ_VIT_004_Critical_89
[       OK ] SpO2.REQ_VIT_004_Critical_89 (0 ms)
[ RUN      ] SpO2.REQ_VIT_004_Critical_Zero
[       OK ] SpO2.REQ_VIT_004_Critical_Zero (0 ms)
[ RUN      ] SpO2.REQ_VIT_004_Critical_Neg
[       OK ] SpO2.REQ_VIT_004_Critical_Neg (0 ms)
[----------] 8 tests from SpO2 (1 ms total)

[----------] 5 tests from OverallAlert
[ RUN      ] OverallAlert.REQ_VIT_005_AllNormal
[       OK ] OverallAlert.REQ_VIT_005_AllNormal (0 ms)
[ RUN      ] OverallAlert.REQ_VIT_005_OneWarning
[       OK ] OverallAlert.REQ_VIT_005_OneWarning (0 ms)
[ RUN      ] OverallAlert.REQ_VIT_005_OneCritical
[       OK ] OverallAlert.REQ_VIT_005_OneCritical (0 ms)
[ RUN      ] OverallAlert.REQ_VIT_005_CriticalOverridesWarning
[       OK ] OverallAlert.REQ_VIT_005_CriticalOverridesWarning (0 ms)
[ RUN      ] OverallAlert.REQ_VIT_005_AllCritical
[       OK ] OverallAlert.REQ_VIT_005_AllCritical (0 ms)
[----------] 5 tests from OverallAlert (0 ms total)

[----------] 12 tests from BMI
[ RUN      ] BMI.REQ_VIT_006_NormalWeight
[       OK ] BMI.REQ_VIT_006_NormalWeight (0 ms)
[ RUN      ] BMI.REQ_VIT_006_Underweight
[       OK ] BMI.REQ_VIT_006_Underweight (0 ms)
[ RUN      ] BMI.REQ_VIT_006_Overweight
[       OK ] BMI.REQ_VIT_006_Overweight (0 ms)
[ RUN      ] BMI.REQ_VIT_006_Obese
[       OK ] BMI.REQ_VIT_006_Obese (0 ms)
[ RUN      ] BMI.REQ_VIT_006_ZeroHeight
[       OK ] BMI.REQ_VIT_006_ZeroHeight (0 ms)
[ RUN      ] BMI.REQ_VIT_006_NegativeHeight
[       OK ] BMI.REQ_VIT_006_NegativeHeight (0 ms)
[ RUN      ] BMI.REQ_VIT_006_Category_Underweight
[       OK ] BMI.REQ_VIT_006_Category_Underweight (0 ms)
[ RUN      ] BMI.REQ_VIT_006_Category_NormalLow
[       OK ] BMI.REQ_VIT_006_Category_NormalLow (0 ms)
[ RUN      ] BMI.REQ_VIT_006_Category_NormalHigh
[       OK ] BMI.REQ_VIT_006_Category_NormalHigh (0 ms)
[ RUN      ] BMI.REQ_VIT_006_Category_Overweight
[       OK ] BMI.REQ_VIT_006_Category_Overweight (0 ms)
[ RUN      ] BMI.REQ_VIT_006_Category_Obese
[       OK ] BMI.REQ_VIT_006_Category_Obese (0 ms)
[ RUN      ] BMI.REQ_VIT_006_Category_Invalid
[       OK ] BMI.REQ_VIT_006_Category_Invalid (0 ms)
[----------] 12 tests from BMI (0 ms total)

[----------] 4 tests from AlertStr
[ RUN      ] AlertStr.REQ_VIT_007_Normal
[       OK ] AlertStr.REQ_VIT_007_Normal (0 ms)
[ RUN      ] AlertStr.REQ_VIT_007_Warning
[       OK ] AlertStr.REQ_VIT_007_Warning (0 ms)
[ RUN      ] AlertStr.REQ_VIT_007_Critical
[       OK ] AlertStr.REQ_VIT_007_Critical (0 ms)
[ RUN      ] AlertStr.REQ_VIT_007_Unknown
[       OK ] AlertStr.REQ_VIT_007_Unknown (0 ms)
[----------] 4 tests from AlertStr (0 ms total)

[----------] Global test environment tear-down
[==========] 158 tests from 19 test suites ran. (66 ms total)
[  PASSED  ] 158 tests.
<end of output>
Test time =   0.18 sec
----------------------------------------------------------
Test Passed.
"UnitTests" end time: Apr 08 01:37 GMT Daylight Time
"UnitTests" time elapsed: 00:00:00
----------------------------------------------------------

2/2 Testing: IntegrationTests
2/2 Test: IntegrationTests
Command: "C:/Users/vinun/claude AI/build_v21/tests/test_integration.exe" "--gtest_output=xml:C:/Users/vinun/claude AI/build_v21/results_integration.xml"
Directory: C:/Users/vinun/claude AI/build_v21/tests
"IntegrationTests" start time: Apr 08 01:37 GMT Daylight Time
Output:
----------------------------------------------------------
Running main() from C:\Users\vinun\claude AI\build_v21\_deps\googletest-src\googletest\src\gtest_main.cc
[==========] Running 12 tests from 2 test suites.
[----------] Global test environment set-up.
[----------] 6 tests from AlertEscalation
[ RUN      ] AlertEscalation.REQ_INT_ESC_001_SpO2_StepwiseEscalation
[       OK ] AlertEscalation.REQ_INT_ESC_001_SpO2_StepwiseEscalation (0 ms)
[ RUN      ] AlertEscalation.REQ_INT_ESC_002_Bradycardia_Escalation
[       OK ] AlertEscalation.REQ_INT_ESC_002_Bradycardia_Escalation (0 ms)
[ RUN      ] AlertEscalation.REQ_INT_ESC_003_AllParameters_Critical
[       OK ] AlertEscalation.REQ_INT_ESC_003_AllParameters_Critical (0 ms)
[ RUN      ] AlertEscalation.REQ_INT_ESC_004_Deescalation_CriticalToNormal
[       OK ] AlertEscalation.REQ_INT_ESC_004_Deescalation_CriticalToNormal (0 ms)
[ RUN      ] AlertEscalation.REQ_INT_ESC_005_BoundaryTransitions_HeartRate
[       OK ] AlertEscalation.REQ_INT_ESC_005_BoundaryTransitions_HeartRate (0 ms)
[ RUN      ] AlertEscalation.REQ_INT_ESC_005_BoundaryTransitions_SpO2
[       OK ] AlertEscalation.REQ_INT_ESC_005_BoundaryTransitions_SpO2 (0 ms)
[----------] 6 tests from AlertEscalation (0 ms total)

[----------] 6 tests from PatientMonitoring
[ RUN      ] PatientMonitoring.REQ_INT_MON_001_AdmissionWorkflow
[       OK ] PatientMonitoring.REQ_INT_MON_001_AdmissionWorkflow (0 ms)
[ RUN      ] PatientMonitoring.REQ_INT_MON_002_DeteriorationTrajectory
[       OK ] PatientMonitoring.REQ_INT_MON_002_DeteriorationTrajectory (0 ms)
[ RUN      ] PatientMonitoring.REQ_INT_MON_003_RecoveryTrajectory
[       OK ] PatientMonitoring.REQ_INT_MON_003_RecoveryTrajectory (0 ms)
[ RUN      ] PatientMonitoring.REQ_INT_MON_004_AlertsConsistentWithStatus
[       OK ] PatientMonitoring.REQ_INT_MON_004_AlertsConsistentWithStatus (0 ms)
[ RUN      ] PatientMonitoring.REQ_INT_MON_005_ReadingBufferFull
[       OK ] PatientMonitoring.REQ_INT_MON_005_ReadingBufferFull (0 ms)
[ RUN      ] PatientMonitoring.REQ_INT_MON_006_TwoPatientsIndependent
[       OK ] PatientMonitoring.REQ_INT_MON_006_TwoPatientsIndependent (0 ms)
[----------] 6 tests from PatientMonitoring (0 ms total)

[----------] Global test environment tear-down
[==========] 12 tests from 2 test suites ran. (0 ms total)
[  PASSED  ] 12 tests.
<end of output>
Test time =   0.07 sec
----------------------------------------------------------
Test Passed.
"IntegrationTests" end time: Apr 08 01:37 GMT Daylight Time
"IntegrationTests" time elapsed: 00:00:00
----------------------------------------------------------

End testing: Apr 08 01:37 GMT Daylight Time
